<?xml version="1.0" encoding="UTF-8"?>
<!-- Generated by org.testng.reporters.JUnitReportReporter -->
<testsuite hostname="LTIN314441" failures="0" tests="8" name="com.TestRunner.testRun" time="17.984" errors="0" timestamp="2024-03-01T11:27:28 IST" skipped="0">
  <testcase classname="com.TestRunner.testRun" name="runScenario" time="1.091"/>
  <system-out/>
  <testcase classname="com.TestRunner.testRun" name="runScenario" time="7.978"/>
  <system-out/>
  <testcase classname="com.TestRunner.testRun" name="runScenario" time="3.216"/>
  <system-out/>
  <testcase classname="com.TestRunner.testRun" name="runScenario" time="0.789"/>
  <system-out/>
  <testcase classname="com.TestRunner.testRun" name="runScenario" time="2.721"/>
  <system-out/>
  <testcase classname="com.TestRunner.testRun" name="runScenario" time="1.252"/>
  <system-out/>
  <testcase classname="com.TestRunner.testRun" name="runScenario" time="0.496"/>
  <system-out/>
  <testcase classname="com.TestRunner.testRun" name="runScenario" time="0.441"/>
  <system-out/>
</testsuite> <!-- com.TestRunner.testRun -->
