<?xml version="1.0" encoding="UTF-8"?>
<!-- Generated by org.testng.reporters.JUnitReportReporter -->
<testsuite hostname="LTIN314441" failures="0" tests="3" name="com.TestRunner.testRun" time="675.788" errors="0" timestamp="2024-02-29T00:33:07 IST" skipped="0">
  <testcase classname="com.TestRunner.testRun" name="runScenario" time="166.623"/>
  <testcase classname="com.TestRunner.testRun" name="runScenario" time="502.354"/>
  <testcase classname="com.TestRunner.testRun" name="runScenario" time="6.811"/>
</testsuite> <!-- com.TestRunner.testRun -->
